<?xml version="1.0" encoding="UTF-8"?>
<!-- Generated by org.testng.reporters.JUnitReportReporter -->
<testsuite skipped="0" hostname="DESKTOP-CTRD12V" name="testECommerceSite.changeUserinfo" tests="3" failures="0" timestamp="22 Dec 2017 21:27:30 GMT" time="32.151" errors="0">
  <testcase name="openBrowser" time="16.362" classname="testECommerceSite.changeUserinfo"/>
  <testcase name="Login" time="10.919" classname="testECommerceSite.changeUserinfo"/>
  <testcase name="updateInfo" time="4.870" classname="testECommerceSite.changeUserinfo"/>
</testsuite> <!-- testECommerceSite.changeUserinfo -->
