<?xml version="1.0" encoding="UTF-8"?>
<!-- Generated by org.testng.reporters.JUnitReportReporter -->
<testsuite skipped="0" hostname="DESKTOP-CTRD12V" name="testECommerceSite.contactUSpage" tests="9" failures="0" timestamp="23 Dec 2017 18:11:56 GMT" time="98.723" errors="0">
  <testcase name="openBrowser" time="3.530" classname="testECommerceSite.contactUSpage"/>
  <testcase name="navigate" time="62.873" classname="testECommerceSite.contactUSpage"/>
  <testcase name="openLoginpage" time="7.430" classname="testECommerceSite.contactUSpage"/>
  <testcase name="inputEmail" time="0.120" classname="testECommerceSite.contactUSpage"/>
  <testcase name="inputPassword" time="0.118" classname="testECommerceSite.contactUSpage"/>
  <testcase name="clickLoginbutton" time="8.598" classname="testECommerceSite.contactUSpage"/>
  <testcase name="ContactUS" time="10.186" classname="testECommerceSite.contactUSpage"/>
  <testcase name="clickSend" time="5.484" classname="testECommerceSite.contactUSpage"/>
  <testcase name="closeBrowser" time="0.384" classname="testECommerceSite.contactUSpage"/>
</testsuite> <!-- testECommerceSite.contactUSpage -->
