<?xml version="1.0" encoding="UTF-8"?>
<!-- Generated by org.testng.reporters.JUnitReportReporter -->
<testsuite skipped="0" hostname="DESKTOP-CTRD12V" name="testECommerceSite.testLogin" tests="8" failures="0" timestamp="24 Dec 2017 15:02:28 GMT" time="56.977" errors="0">
  <testcase name="openBrowser" time="3.547" classname="testECommerceSite.testLogin"/>
  <testcase name="navigate" time="28.039" classname="testECommerceSite.testLogin"/>
  <testcase name="openLoginpage" time="9.591" classname="testECommerceSite.testLogin"/>
  <testcase name="inputEmail" time="1.217" classname="testECommerceSite.testLogin"/>
  <testcase name="inputPassword" time="0.194" classname="testECommerceSite.testLogin"/>
  <testcase name="clickLoginbutton" time="7.751" classname="testECommerceSite.testLogin"/>
  <testcase name="Logout" time="6.134" classname="testECommerceSite.testLogin"/>
  <testcase name="closeBrowser" time="0.504" classname="testECommerceSite.testLogin"/>
</testsuite> <!-- testECommerceSite.testLogin -->
