<?xml version="1.0" encoding="UTF-8"?>
<!-- Generated by org.testng.reporters.JUnitReportReporter -->
<testsuite skipped="0" hostname="DESKTOP-CTRD12V" name="testECommerceSite.contactUSpage" tests="9" failures="0" timestamp="24 Dec 2017 15:12:56 GMT" time="68.360" errors="0">
  <testcase name="openBrowser" time="3.735" classname="testECommerceSite.contactUSpage"/>
  <testcase name="navigate" time="36.102" classname="testECommerceSite.contactUSpage"/>
  <testcase name="openLoginpage" time="4.738" classname="testECommerceSite.contactUSpage"/>
  <testcase name="inputEmail" time="0.129" classname="testECommerceSite.contactUSpage"/>
  <testcase name="inputPassword" time="0.123" classname="testECommerceSite.contactUSpage"/>
  <testcase name="clickLoginbutton" time="6.904" classname="testECommerceSite.contactUSpage"/>
  <testcase name="ContactUS" time="10.131" classname="testECommerceSite.contactUSpage"/>
  <testcase name="clickSend" time="6.163" classname="testECommerceSite.contactUSpage"/>
  <testcase name="closeBrowser" time="0.335" classname="testECommerceSite.contactUSpage"/>
</testsuite> <!-- testECommerceSite.contactUSpage -->
